Testcase Name: Test001_ie
Failure StepNumber: null
Reason for Failure:
	java.lang.IllegalStateException
Full Stack Trace:
	java.lang.IllegalStateException: The driver executable does not exist: C:\workspace\fipsar_automation\fipsarqa\src\main\resources\drivers\IEDriverServer1.exe


Testcase Name: Test001_ie
Failure StepNumber: null
Reason for Failure:
	java.lang.IllegalStateException
Full Stack Trace:
	java.lang.IllegalStateException: The driver executable does not exist: C:\workspace\fipsar_automation\fipsarqa\src\main\resources\drivers\IEDriverServer1.exe


Testcase Name: Test001_ie
Failure StepNumber: null
Reason for Failure:
	java.lang.IllegalStateException
Full Stack Trace:
	java.lang.IllegalStateException: The driver executable does not exist: C:\workspace\fipsar_automation\fipsarqa\src\main\resources\drivers\IEDriverServer1.exe


Testcase Name: Test001_ie
Failure StepNumber: null
Reason for Failure:
	java.lang.IllegalStateException
Full Stack Trace:
	java.lang.IllegalStateException: The driver executable does not exist: C:\workspace\fipsar_automation\fipsarqa\src\main\resources\drivers\IEDriverServer1.exe


Testcase Name: Test001_ie
Failure StepNumber: null
Reason for Failure:
	java.lang.IllegalStateException
Full Stack Trace:
	java.lang.IllegalStateException: The driver executable does not exist: C:\workspace\fipsar_automation\fipsarqa\src\main\resources\drivers\IEDriverServer1.exe


Testcase Name: Test001_ie
Failure StepNumber: null
Reason for Failure:
	java.lang.IllegalStateException
Full Stack Trace:
	java.lang.IllegalStateException: The driver executable does not exist: C:\workspace\fipsar_automation\fipsarqa\src\main\resources\drivers\IEDriverServer1.exe


Testcase Name: Test001_ie
Failure StepNumber: null
Reason for Failure:
	java.lang.IllegalStateException
Full Stack Trace:
	java.lang.IllegalStateException: The driver executable does not exist: C:\workspace\fipsar_automation\fipsarqa\src\main\resources\drivers\IEDriverServer1.exe


